<?xml version="1.0" encoding="UTF-8"?>
<!-- Generated by org.testng.reporters.JUnitReportReporter -->
<testsuite skipped="0" hostname="DESKTOP-CDEGFKL" name="com.qsp.basics.testng.DPDemo" tests="4" failures="0" timestamp="09 Jun 2019 04:56:53 GMT" time="0.026" errors="0">
  <testcase name="createCustomerTest" time="0.003" classname="com.qsp.basics.testng.DPDemo"/>
  <testcase name="createCustomerTest" time="0.003" classname="com.qsp.basics.testng.DPDemo"/>
  <testcase name="createCustomerTest" time="0.003" classname="com.qsp.basics.testng.DPDemo"/>
  <testcase name="createCustomerTest" time="0.017" classname="com.qsp.basics.testng.DPDemo"/>
</testsuite> <!-- com.qsp.basics.testng.DPDemo -->
