<?xml version="1.0" encoding="UTF-8"?>
<!-- Generated by org.testng.reporters.JUnitReportReporter -->
<testsuite skipped="0" hostname="DESKTOP-CDEGFKL" name="com.qsp.basics.test.TestCase2" tests="1" failures="0" timestamp="09 Jun 2019 07:14:56 GMT" time="16.354" errors="0">
  <testcase name="loginTest" time="16.354" classname="com.qsp.basics.test.TestCase2"/>
</testsuite> <!-- com.qsp.basics.test.TestCase2 -->
