<?xml version="1.0" encoding="UTF-8"?>
<!-- Generated by org.testng.reporters.JUnitReportReporter -->
<testsuite skipped="0" hostname="DESKTOP-CDEGFKL" name="com.qsp.basics.testng.FirstTestNG" tests="5" failures="0" timestamp="08 Jun 2019 07:22:14 GMT" time="0.011" errors="0">
  <testcase name="createCustomer" time="0.002" classname="com.qsp.basics.testng.FirstTestNG"/>
  <testcase name="launch" time="0.005" classname="com.qsp.basics.testng.FirstTestNG"/>
  <testcase name="login" time="0.000" classname="com.qsp.basics.testng.FirstTestNG"/>
  <testcase name="logout" time="0.002" classname="com.qsp.basics.testng.FirstTestNG"/>
  <testcase name="createProject" time="0.002" classname="com.qsp.basics.testng.FirstTestNG"/>
</testsuite> <!-- com.qsp.basics.testng.FirstTestNG -->
