<?xml version="1.0" encoding="UTF-8"?>
<!-- Generated by org.testng.reporters.JUnitReportReporter -->
<testsuite skipped="0" hostname="DESKTOP-CDEGFKL" name="com.qsp.basics.testng.AllAnnotationsDemo" tests="1" failures="0" timestamp="08 Jun 2019 07:22:14 GMT" time="0.003" errors="0">
  <testcase name="f" time="0.003" classname="com.qsp.basics.testng.AllAnnotationsDemo"/>
</testsuite> <!-- com.qsp.basics.testng.AllAnnotationsDemo -->
