<?xml version="1.0" encoding="UTF-8"?>
<!-- Generated by org.testng.reporters.JUnitReportReporter -->
<testsuite skipped="0" hostname="DESKTOP-CDEGFKL" name="com.qsp.basics.testng.GlobalDataDemo" tests="2" failures="0" timestamp="09 Jun 2019 05:19:15 GMT" time="0.015" errors="0">
  <testcase name="login" time="0.002" classname="com.qsp.basics.testng.GlobalDataDemo"/>
  <testcase name="launch" time="0.013" classname="com.qsp.basics.testng.GlobalDataDemo"/>
</testsuite> <!-- com.qsp.basics.testng.GlobalDataDemo -->
