<?xml version="1.0" encoding="UTF-8"?>
<!-- Generated by org.testng.reporters.JUnitReportReporter -->
<testsuite skipped="0" hostname="DESKTOP-CDEGFKL" name="com.qsp.basics.testng.Cars" tests="2" failures="0" timestamp="09 Jun 2019 05:46:13 GMT" time="0.013" errors="0">
  <testcase name="hondacivic" time="0.001" classname="com.qsp.basics.testng.Cars"/>
  <testcase name="hondacity" time="0.012" classname="com.qsp.basics.testng.Cars"/>
</testsuite> <!-- com.qsp.basics.testng.Cars -->
